<?xml version="1.0" encoding="UTF-8"?>
<!-- Generated by org.testng.reporters.JUnitXMLReporter -->
<testsuite ignored="0" hostname="LAPTOP-BD04NJC5" failures="1" tests="10" name="Test" time="318.366" errors="0" timestamp="2022-01-24T02:23:01 IST">
  <testcase classname="io.cucumber.testng.AbstractTestNGCucumberTests" name="runScenario" time="18.504"/>
  <testcase classname="io.cucumber.testng.AbstractTestNGCucumberTests" name="runScenario" time="22.273"/>
  <testcase classname="io.cucumber.testng.AbstractTestNGCucumberTests" name="runScenario" time="20.871"/>
  <testcase classname="io.cucumber.testng.AbstractTestNGCucumberTests" name="runScenario" time="44.609"/>
  <testcase classname="io.cucumber.testng.AbstractTestNGCucumberTests" name="runScenario" time="42.706"/>
  <testcase classname="io.cucumber.testng.AbstractTestNGCucumberTests" name="runScenario" time="21.724">
    <failure type="java.lang.AssertionError" message="
Expecting actual:
  &amp;quot;&amp;quot;
to be equal to:
  &amp;quot;Open a FedEx account&amp;quot;
when ignoring whitespace differences">
      <![CDATA[java.lang.AssertionError: 
Expecting actual:
  ""
to be equal to:
  "Open a FedEx account"
when ignoring whitespace differences
at com.fedex.automation.stepdefs.StepDefinition.i_verify_that_i_am_on_open_a_business_account_page(StepDefinition.java:142)
at âœ½.I verify that I am on open a business account page(file:///D:/Workspaces/Interviews/workspace/src/test/resources/features/Test.feature:61)
]]>
    </failure>
  </testcase> <!-- runScenario -->
  <testcase classname="io.cucumber.testng.AbstractTestNGCucumberTests" name="runScenario" time="53.668"/>
  <testcase classname="io.cucumber.testng.AbstractTestNGCucumberTests" name="runScenario" time="24.137"/>
  <testcase classname="io.cucumber.testng.AbstractTestNGCucumberTests" name="runScenario" time="23.082"/>
  <testcase classname="io.cucumber.testng.AbstractTestNGCucumberTests" name="runScenario" time="45.932"/>
</testsuite> <!-- Test -->
